Final Result = 192.0/260.0
Automark = 84.14285714285714% (29.449999999999996 / 35), DN
1. Player Movement

Test 1-1: Test the player can move down
SUCCESS DONE

Test 1-2: Test the player can move up
SUCCESS DONE

Test 1-3: Test the player can move left
SUCCESS DONE

Test 1-4: Test the player can move right
SUCCESS DONE

2. Interface Methods

Test 2-1: Testing newGame interface method normal operation
SUCCESS DONE

Test 2-2: Testing newGame on a nonexistent dungeon
SUCCESS DONE

Test 2-3: Testing tick interface method normal operation
SUCCESS DONE

Test 2-4: Testing tick with an invalid item
SUCCESS DONE

Test 2-5: Testing tick with an item that is not in the player's inventory
SUCCESS DONE

3. Boulders

Test 3-1: Test pushing a boulder
SUCCESS DONE

Test: Hidden Test
SUCCESS DONE

Test: Hidden Test
SUCCESS DONE

4. Doors & Keys

Test 4-1: Test player cannot walk through a closed door
SUCCESS DONE

Test 4-2: Test player can pick up a key and add to inventory
DoorsKeysTest > Test player can pick up a key and add to inventory FAILED org.opentest4j.AssertionFailedError: expected: <0> but was: <1> at app//org.junit.jupiter.api.AssertionUtils.fail(AssertionUtils.java:55) at app//org.junit.jupiter.api.AssertionUtils.failNotEqual(AssertionUtils.java:62) at app//org.junit.jupiter.api.AssertEquals.assertEquals(AssertEquals.java:150) at app//org.junit.jupiter.api.AssertEquals.assertEquals(AssertEquals.java:145) at app//org.junit.jupiter.api.Assertions.assertEquals(Assertions.java:527) at app//dungeonmania.automarking.DoorsKeysTest.pickUpKey(DoorsKeysTest.java:43) FAILURE DONE 1 test completed, 1 failed FAILURE: Build failed with an exception. FRONTEND.md README.md SETUP.md build build.gradle config_template.json credits.md extract_coverage.sh gradle gradlew gradlew.bat images setup src What went wrong: Execution failed for task ':test'. > There were failing tests. See the report at: file:///T13A_ECLAIR/build/reports/tests/test/index.html FRONTEND.md README.md SETUP.md build build.gradle config_template.json credits.md extract_coverage.sh gradle gradlew gradlew.bat images setup src Try: > Run with --stacktrace option to get the stack trace. > Run with --info or --debug option to get more log output. > Run with --scan to get full insights. FRONTEND.md README.md SETUP.md build build.gradle config_template.json credits.md extract_coverage.sh gradle gradlew gradlew.bat images setup src Get more help at https://help.gradle.org BUILD FAILED in 2s

Test 4-3: Test player can use a key to open and walk through a door
SUCCESS DONE

Test: Hidden Test
FAILED org.opentest4j.AssertionFailedError: expected: <1> but was: <2> at app//org.junit.jupiter.api.AssertionUtils.fail(AssertionUtils.java:55) at app//org.junit.jupiter.api.AssertionUtils.failNotEqual(AssertionUtils.java:62) at app//org.junit.jupiter.api.AssertEquals.assertEquals(AssertEquals.java:150) at app//org.junit.jupiter.api.AssertEquals.assertEquals(AssertEquals.java:145) at app//org.junit.jupiter.api.Assertions.assertEquals(Assertions.java:527) at app//dungeonmania.automarking.DoorsKeysTest.cannotPickupTwoKeys(DoorsKeysTest.java:79) FAILURE DONE 1 test completed, 1 failed FAILURE: Build failed with an exception. FRONTEND.md README.md SETUP.md build build.gradle config_template.json credits.md extract_coverage.sh gradle gradlew gradlew.bat images setup src What went wrong: Execution failed for task ':test'. > There were failing tests. See the report at: file:///T13A_ECLAIR/build/reports/tests/test/index.html FRONTEND.md README.md SETUP.md build build.gradle config_template.json credits.md extract_coverage.sh gradle gradlew gradlew.bat images setup src Try: > Run with --stacktrace option to get the stack trace. > Run with --info or --debug option to get more log output. > Run with --scan to get full insights. FRONTEND.md README.md SETUP.md build build.gradle config_template.json credits.md extract_coverage.sh gradle gradlew gradlew.bat images setup src Get more help at https://help.gradle.org BUILD FAILED in 2s

Test: Hidden Test
FAILED org.opentest4j.AssertionFailedError: expected: <1> but was: <2> at app//org.junit.jupiter.api.AssertionUtils.fail(AssertionUtils.java:55) at app//org.junit.jupiter.api.AssertionUtils.failNotEqual(AssertionUtils.java:62) at app//org.junit.jupiter.api.AssertEquals.assertEquals(AssertEquals.java:150) at app//org.junit.jupiter.api.AssertEquals.assertEquals(AssertEquals.java:145) at app//org.junit.jupiter.api.Assertions.assertEquals(Assertions.java:527) at app//dungeonmania.automarking.DoorsKeysTest.canPickupSecondKeyAfterFirstUse(DoorsKeysTest.java:101) FAILURE DONE 1 test completed, 1 failed FAILURE: Build failed with an exception. FRONTEND.md README.md SETUP.md build build.gradle config_template.json credits.md extract_coverage.sh gradle gradlew gradlew.bat images setup src What went wrong: Execution failed for task ':test'. > There were failing tests. See the report at: file:///T13A_ECLAIR/build/reports/tests/test/index.html FRONTEND.md README.md SETUP.md build build.gradle config_template.json credits.md extract_coverage.sh gradle gradlew gradlew.bat images setup src Try: > Run with --stacktrace option to get the stack trace. > Run with --info or --debug option to get more log output. > Run with --scan to get full insights. FRONTEND.md README.md SETUP.md build build.gradle config_template.json credits.md extract_coverage.sh gradle gradlew gradlew.bat images setup src Get more help at https://help.gradle.org BUILD FAILED in 3s

5. Buidable Entities

Test: Hidden Test
SUCCESS DONE

Test: Hidden Test
SUCCESS DONE

Test 5-3: Test building a bow
SUCCESS DONE

Test 5-4: Test building a shield with a key
SUCCESS DONE

Test: Hidden Test
SUCCESS DONE

Test 5-6: Test DungeonResponse buildables parameter is a list of buildable item types that the player can build with their current inventory
SUCCESS DONE

6. Potions

Test 6-1: Test invincibility potion can be picked up and consumed
SUCCESS DONE

Test 6-2: Test invisibility potion can be picked up and consumed
SUCCESS DONE

Test 6-3: Test the effects of the invincibility potion only last for a limited time
PotionsTest > Test the effects of the invincibility potion only last for a limited time FAILED org.opentest4j.AssertionFailedError: expected: <1> but was: <2> at app//org.junit.jupiter.api.AssertionUtils.fail(AssertionUtils.java:55) at app//org.junit.jupiter.api.AssertionUtils.failNotEqual(AssertionUtils.java:62) at app//org.junit.jupiter.api.AssertEquals.assertEquals(AssertEquals.java:150) at app//org.junit.jupiter.api.AssertEquals.assertEquals(AssertEquals.java:145) at app//org.junit.jupiter.api.Assertions.assertEquals(Assertions.java:527) at app//dungeonmania.automarking.PotionsTest.invincibilityDuration(PotionsTest.java:88) FAILURE DONE 1 test completed, 1 failed FAILURE: Build failed with an exception. FRONTEND.md README.md SETUP.md build build.gradle config_template.json credits.md extract_coverage.sh gradle gradlew gradlew.bat images setup src What went wrong: Execution failed for task ':test'. > There were failing tests. See the report at: file:///T13A_ECLAIR/build/reports/tests/test/index.html FRONTEND.md README.md SETUP.md build build.gradle config_template.json credits.md extract_coverage.sh gradle gradlew gradlew.bat images setup src Try: > Run with --stacktrace option to get the stack trace. > Run with --info or --debug option to get more log output. > Run with --scan to get full insights. FRONTEND.md README.md SETUP.md build build.gradle config_template.json credits.md extract_coverage.sh gradle gradlew gradlew.bat images setup src Get more help at https://help.gradle.org BUILD FAILED in 3s

Test 6-4: Test the effects of the invisibility potion only last for a limited time
PotionsTest > Test the effects of the invisibility potion only last for a limited time FAILED org.opentest4j.AssertionFailedError: expected: <1> but was: <2> at app//org.junit.jupiter.api.AssertionUtils.fail(AssertionUtils.java:55) at app//org.junit.jupiter.api.AssertionUtils.failNotEqual(AssertionUtils.java:62) at app//org.junit.jupiter.api.AssertEquals.assertEquals(AssertEquals.java:150) at app//org.junit.jupiter.api.AssertEquals.assertEquals(AssertEquals.java:145) at app//org.junit.jupiter.api.Assertions.assertEquals(Assertions.java:527) at app//dungeonmania.automarking.PotionsTest.invisibilityDuration(PotionsTest.java:141) FAILURE DONE 1 test completed, 1 failed FAILURE: Build failed with an exception. FRONTEND.md README.md SETUP.md build build.gradle config_template.json credits.md extract_coverage.sh gradle gradlew gradlew.bat images setup src What went wrong: Execution failed for task ':test'. > There were failing tests. See the report at: file:///T13A_ECLAIR/build/reports/tests/test/index.html FRONTEND.md README.md SETUP.md build build.gradle config_template.json credits.md extract_coverage.sh gradle gradlew gradlew.bat images setup src Try: > Run with --stacktrace option to get the stack trace. > Run with --info or --debug option to get more log output. > Run with --scan to get full insights. FRONTEND.md README.md SETUP.md build build.gradle config_template.json credits.md extract_coverage.sh gradle gradlew gradlew.bat images setup src Get more help at https://help.gradle.org BUILD FAILED in 3s

Test: Hidden Test
FAILED org.opentest4j.AssertionFailedError: expected: <Position [x=6, y=5, z=0]> but was: <Position [x=6, y=4, z=0]> at app//org.junit.jupiter.api.AssertionUtils.fail(AssertionUtils.java:55) at app//org.junit.jupiter.api.AssertionUtils.failNotEqual(AssertionUtils.java:62) at app//org.junit.jupiter.api.AssertEquals.assertEquals(AssertEquals.java:182) at app//org.junit.jupiter.api.AssertEquals.assertEquals(AssertEquals.java:177) at app//org.junit.jupiter.api.Assertions.assertEquals(Assertions.java:1141) at app//dungeonmania.automarking.PotionsTest.invincibilitySpiderMovement(PotionsTest.java:176) FAILURE DONE 1 test completed, 1 failed FAILURE: Build failed with an exception. FRONTEND.md README.md SETUP.md build build.gradle config_template.json credits.md extract_coverage.sh gradle gradlew gradlew.bat images setup src What went wrong: Execution failed for task ':test'. > There were failing tests. See the report at: file:///T13A_ECLAIR/build/reports/tests/test/index.html FRONTEND.md README.md SETUP.md build build.gradle config_template.json credits.md extract_coverage.sh gradle gradlew gradlew.bat images setup src Try: > Run with --stacktrace option to get the stack trace. > Run with --info or --debug option to get more log output. > Run with --scan to get full insights. FRONTEND.md README.md SETUP.md build build.gradle config_template.json credits.md extract_coverage.sh gradle gradlew gradlew.bat images setup src Get more help at https://help.gradle.org BUILD FAILED in 3s

Test: Hidden Test
SUCCESS DONE

Test: Hidden Test
SUCCESS DONE

Test: Hidden Test
FAILED org.opentest4j.AssertionFailedError: expected: <0> but was: <1> at app//org.junit.jupiter.api.AssertionUtils.fail(AssertionUtils.java:55) at app//org.junit.jupiter.api.AssertionUtils.failNotEqual(AssertionUtils.java:62) at app//org.junit.jupiter.api.AssertEquals.assertEquals(AssertEquals.java:150) at app//org.junit.jupiter.api.AssertEquals.assertEquals(AssertEquals.java:145) at app//org.junit.jupiter.api.Assertions.assertEquals(Assertions.java:527) at app//dungeonmania.automarking.PotionsTest.potionQueuing(PotionsTest.java:291) FAILURE DONE 1 test completed, 1 failed FAILURE: Build failed with an exception. FRONTEND.md README.md SETUP.md build build.gradle config_template.json credits.md extract_coverage.sh gradle gradlew gradlew.bat images setup src What went wrong: Execution failed for task ':test'. > There were failing tests. See the report at: file:///T13A_ECLAIR/build/reports/tests/test/index.html FRONTEND.md README.md SETUP.md build build.gradle config_template.json credits.md extract_coverage.sh gradle gradlew gradlew.bat images setup src Try: > Run with --stacktrace option to get the stack trace. > Run with --info or --debug option to get more log output. > Run with --scan to get full insights. FRONTEND.md README.md SETUP.md build build.gradle config_template.json credits.md extract_coverage.sh gradle gradlew gradlew.bat images setup src Get more help at https://help.gradle.org BUILD FAILED in 2s

7. Portals

Test 7-1: Test portals work both ways
PortalsTest > Test portals work both ways FAILED org.opentest4j.AssertionFailedError: expected: <1> but was: <4> at app//org.junit.jupiter.api.AssertionUtils.fail(AssertionUtils.java:55) at app//org.junit.jupiter.api.AssertionUtils.failNotEqual(AssertionUtils.java:62) at app//org.junit.jupiter.api.AssertEquals.assertEquals(AssertEquals.java:150) at app//org.junit.jupiter.api.AssertEquals.assertEquals(AssertEquals.java:145) at app//org.junit.jupiter.api.Assertions.assertEquals(Assertions.java:527) at app//dungeonmania.automarking.PortalsTest.testTeleportationBothWays(PortalsTest.java:32) FAILURE DONE 1 test completed, 1 failed FAILURE: Build failed with an exception. FRONTEND.md README.md SETUP.md build build.gradle config_template.json credits.md extract_coverage.sh gradle gradlew gradlew.bat images setup src What went wrong: Execution failed for task ':test'. > There were failing tests. See the report at: file:///T13A_ECLAIR/build/reports/tests/test/index.html FRONTEND.md README.md SETUP.md build build.gradle config_template.json credits.md extract_coverage.sh gradle gradlew gradlew.bat images setup src Try: > Run with --stacktrace option to get the stack trace. > Run with --info or --debug option to get more log output. > Run with --scan to get full insights. FRONTEND.md README.md SETUP.md build build.gradle config_template.json credits.md extract_coverage.sh gradle gradlew gradlew.bat images setup src Get more help at https://help.gradle.org BUILD FAILED in 2s

Test 7-2: Test player cannot teleport into a wall
SUCCESS DONE

Test: Hidden Test
SUCCESS DONE

Test: Hidden Test
SUCCESS DONE

8. Bombs

Test 8-1: Test picking up a bomb removes the bomb from the map and adds the bomb to the inventory
SUCCESS DONE

Test 8-2: Test placing a bomb removes it from the inventory and places it on the map at the character's location
SUCCESS DONE

Test: Hidden Test
SUCCESS DONE

Test: Hidden Test
FAILED org.opentest4j.AssertionFailedError: expected: <0> but was: <1> at app//org.junit.jupiter.api.AssertionUtils.fail(AssertionUtils.java:55) at app//org.junit.jupiter.api.AssertionUtils.failNotEqual(AssertionUtils.java:62) at app//org.junit.jupiter.api.AssertEquals.assertEquals(AssertEquals.java:150) at app//org.junit.jupiter.api.AssertEquals.assertEquals(AssertEquals.java:145) at app//org.junit.jupiter.api.Assertions.assertEquals(Assertions.java:527) at app//dungeonmania.automarking.BombTest.placeCardinallyActive(BombTest.java:110) FAILURE DONE 1 test completed, 1 failed FAILURE: Build failed with an exception. FRONTEND.md README.md SETUP.md build build.gradle config_template.json credits.md extract_coverage.sh gradle gradlew gradlew.bat images setup src What went wrong: Execution failed for task ':test'. > There were failing tests. See the report at: file:///T13A_ECLAIR/build/reports/tests/test/index.html FRONTEND.md README.md SETUP.md build build.gradle config_template.json credits.md extract_coverage.sh gradle gradlew gradlew.bat images setup src Try: > Run with --stacktrace option to get the stack trace. > Run with --info or --debug option to get more log output. > Run with --scan to get full insights. FRONTEND.md README.md SETUP.md build build.gradle config_template.json credits.md extract_coverage.sh gradle gradlew gradlew.bat images setup src Get more help at https://help.gradle.org BUILD FAILED in 3s

Test 8-5: Test placing a bomb on a map cardinally adjacent to an inactive switch and then activating the switch causes the bomb to detonate removing surrounding entities except for the player
BombTest > Test placing a bomb on a map cardinally adjacent to an inactive switch, and then activating the switch, causes the bomb to detonate, removing surrounding entities except for the player FAILED org.opentest4j.AssertionFailedError: expected: <0> but was: <1> at app//org.junit.jupiter.api.AssertionUtils.fail(AssertionUtils.java:55) at app//org.junit.jupiter.api.AssertionUtils.failNotEqual(AssertionUtils.java:62) at app//org.junit.jupiter.api.AssertEquals.assertEquals(AssertEquals.java:150) at app//org.junit.jupiter.api.AssertEquals.assertEquals(AssertEquals.java:145) at app//org.junit.jupiter.api.Assertions.assertEquals(Assertions.java:527) at app//dungeonmania.automarking.BombTest.placeCardinallyActivated(BombTest.java:139) FAILURE DONE 1 test completed, 1 failed FAILURE: Build failed with an exception. FRONTEND.md README.md SETUP.md build build.gradle config_template.json credits.md extract_coverage.sh gradle gradlew gradlew.bat images setup src What went wrong: Execution failed for task ':test'. > There were failing tests. See the report at: file:///T13A_ECLAIR/build/reports/tests/test/index.html FRONTEND.md README.md SETUP.md build build.gradle config_template.json credits.md extract_coverage.sh gradle gradlew gradlew.bat images setup src Try: > Run with --stacktrace option to get the stack trace. > Run with --info or --debug option to get more log output. > Run with --scan to get full insights. FRONTEND.md README.md SETUP.md build build.gradle config_template.json credits.md extract_coverage.sh gradle gradlew gradlew.bat images setup src Get more help at https://help.gradle.org BUILD FAILED in 3s

Test 8-6: Test placing a bomb cardinally adjacent to an inactive switch does not cause the bomb to explode
SUCCESS DONE

Test 8-7: Test surrounding entities are removed when placing a bomb next to an active switch with config file bomb radius set to 2
SUCCESS DONE

Test: Hidden Test
SUCCESS DONE

9. Spiders

Test 9-1: Test basic movement of spiders
SUCCESS DONE

Test: Hidden Test
SUCCESS DONE

Test: Hidden Test
SUCCESS DONE

Test 9-4: Test spiders cannot move through boulders and reverses direction
SpiderTest > Test spiders cannot move through boulders and reverses direction FAILED org.opentest4j.AssertionFailedError: expected: <Position [x=5, y=4, z=0]> but was: <Position [x=5, y=6, z=0]> at app//org.junit.jupiter.api.AssertionUtils.fail(AssertionUtils.java:55) at app//org.junit.jupiter.api.AssertionUtils.failNotEqual(AssertionUtils.java:62) at app//org.junit.jupiter.api.AssertEquals.assertEquals(AssertEquals.java:182) at app//org.junit.jupiter.api.AssertEquals.assertEquals(AssertEquals.java:177) at app//org.junit.jupiter.api.Assertions.assertEquals(Assertions.java:1141) at app//dungeonmania.automarking.SpiderTest.boulder(SpiderTest.java:122) FAILURE DONE 1 test completed, 1 failed FAILURE: Build failed with an exception. FRONTEND.md README.md SETUP.md build build.gradle config_template.json credits.md extract_coverage.sh gradle gradlew gradlew.bat images setup src What went wrong: Execution failed for task ':test'. > There were failing tests. See the report at: file:///T13A_ECLAIR/build/reports/tests/test/index.html FRONTEND.md README.md SETUP.md build build.gradle config_template.json credits.md extract_coverage.sh gradle gradlew gradlew.bat images setup src Try: > Run with --stacktrace option to get the stack trace. > Run with --info or --debug option to get more log output. > Run with --scan to get full insights. FRONTEND.md README.md SETUP.md build build.gradle config_template.json credits.md extract_coverage.sh gradle gradlew gradlew.bat images setup src Get more help at https://help.gradle.org BUILD FAILED in 2s

Test: Hidden Test
SUCCESS DONE

Test 9-6: Test spider_spawn_rate = 1 5 10 in config file
SUCCESS DONE

10. Zombies

Test 10-1: Testing zombies movement
SUCCESS DONE

Test: Hidden Test
FAILED org.opentest4j.AssertionFailedError: expected: <Position [x=3, y=2, z=0]> but was: <Position [x=4, y=3, z=0]> at app//org.junit.jupiter.api.AssertionUtils.fail(AssertionUtils.java:55) at app//org.junit.jupiter.api.AssertionUtils.failNotEqual(AssertionUtils.java:62) at app//org.junit.jupiter.api.AssertEquals.assertEquals(AssertEquals.java:182) at app//org.junit.jupiter.api.AssertEquals.assertEquals(AssertEquals.java:177) at app//org.junit.jupiter.api.Assertions.assertEquals(Assertions.java:1141) at app//dungeonmania.automarking.ZombieTest.doorsAndWalls(ZombieTest.java:55) FAILURE DONE 1 test completed, 1 failed FAILURE: Build failed with an exception. FRONTEND.md README.md SETUP.md build build.gradle config_template.json credits.md extract_coverage.sh gradle gradlew gradlew.bat images setup src What went wrong: Execution failed for task ':test'. > There were failing tests. See the report at: file:///T13A_ECLAIR/build/reports/tests/test/index.html FRONTEND.md README.md SETUP.md build build.gradle config_template.json credits.md extract_coverage.sh gradle gradlew gradlew.bat images setup src Try: > Run with --stacktrace option to get the stack trace. > Run with --info or --debug option to get more log output. > Run with --scan to get full insights. FRONTEND.md README.md SETUP.md build build.gradle config_template.json credits.md extract_coverage.sh gradle gradlew gradlew.bat images setup src Get more help at https://help.gradle.org BUILD FAILED in 2s

Test 10-3: Testing zombie spawners spawn zombies every x ticks
SUCCESS DONE

Test: Hidden Test
SUCCESS DONE

Test: Hidden Test
SUCCESS DONE

Test 10-7: Testing destroying a zombie toast spawner
SUCCESS DONE

11. Battles

Test 11-1: Test player battles spider and player dies
SUCCESS DONE

Test 11-2: Test player battles spider and spider dies
SUCCESS DONE

Test 11-3: Test player battles zombie and player dies
BattleTest > Test player battles zombie and player dies FAILED java.lang.IndexOutOfBoundsException: Index 0 out of bounds for length 0 at java.base/jdk.internal.util.Preconditions.outOfBounds(Preconditions.java:64) at java.base/jdk.internal.util.Preconditions.outOfBoundsCheckIndex(Preconditions.java:70) at java.base/jdk.internal.util.Preconditions.checkIndex(Preconditions.java:248) at java.base/java.util.Objects.checkIndex(Objects.java:372) at java.base/java.util.ArrayList.get(ArrayList.java:459) at dungeonmania.automarking.BattleTest.testPlayerDiesWhenBattleZombie(BattleTest.java:79) FAILURE DONE 1 test completed, 1 failed FAILURE: Build failed with an exception. FRONTEND.md README.md SETUP.md build build.gradle config_template.json credits.md extract_coverage.sh gradle gradlew gradlew.bat images setup src What went wrong: Execution failed for task ':test'. > There were failing tests. See the report at: file:///T13A_ECLAIR/build/reports/tests/test/index.html FRONTEND.md README.md SETUP.md build build.gradle config_template.json credits.md extract_coverage.sh gradle gradlew gradlew.bat images setup src Try: > Run with --stacktrace option to get the stack trace. > Run with --info or --debug option to get more log output. > Run with --scan to get full insights. FRONTEND.md README.md SETUP.md build build.gradle config_template.json credits.md extract_coverage.sh gradle gradlew gradlew.bat images setup src Get more help at https://help.gradle.org BUILD FAILED in 3s

Test 11-4: Test player battles zombie and zombie dies
BattleTest > Test player battles zombie and zombie dies FAILED org.opentest4j.AssertionFailedError: expected: <true> but was: <false> at app//org.junit.jupiter.api.AssertionUtils.fail(AssertionUtils.java:55) at app//org.junit.jupiter.api.AssertTrue.assertTrue(AssertTrue.java:40) at app//org.junit.jupiter.api.AssertTrue.assertTrue(AssertTrue.java:35) at app//org.junit.jupiter.api.Assertions.assertTrue(Assertions.java:179) at app//dungeonmania.automarking.BattleTest.testZombieDiesWhenBattle(BattleTest.java:97) FAILURE DONE 1 test completed, 1 failed FAILURE: Build failed with an exception. FRONTEND.md README.md SETUP.md build build.gradle config_template.json credits.md extract_coverage.sh gradle gradlew gradlew.bat images setup src What went wrong: Execution failed for task ':test'. > There were failing tests. See the report at: file:///T13A_ECLAIR/build/reports/tests/test/index.html FRONTEND.md README.md SETUP.md build build.gradle config_template.json credits.md extract_coverage.sh gradle gradlew gradlew.bat images setup src Try: > Run with --stacktrace option to get the stack trace. > Run with --info or --debug option to get more log output. > Run with --scan to get full insights. FRONTEND.md README.md SETUP.md build build.gradle config_template.json credits.md extract_coverage.sh gradle gradlew gradlew.bat images setup src Get more help at https://help.gradle.org BUILD FAILED in 3s

Test 11-5: Test player battles mercenary and player dies
SUCCESS DONE

Test 11-6: Test player battles mercenary and mercenary dies
SUCCESS DONE

Test: Hidden Test
SUCCESS DONE

Test: Hidden Test
SUCCESS DONE

Test: Hidden Test
SUCCESS DONE

Test 11-10: Test the player battles three enemies consecutively and defeats them
SUCCESS DONE

Test 11-11: Test basic health calculations spider - player wins
SUCCESS DONE

Test 11-12: Test basic health calculations zombie - player wins
BattleTest > Test basic health calculations zombie - player wins FAILED java.lang.IndexOutOfBoundsException: Index 0 out of bounds for length 0 at java.base/jdk.internal.util.Preconditions.outOfBounds(Preconditions.java:64) at java.base/jdk.internal.util.Preconditions.outOfBoundsCheckIndex(Preconditions.java:70) at java.base/jdk.internal.util.Preconditions.checkIndex(Preconditions.java:248) at java.base/java.util.Objects.checkIndex(Objects.java:372) at java.base/java.util.ArrayList.get(ArrayList.java:459) at dungeonmania.automarking.BattleTest.testRoundCalculationsZombie(BattleTest.java:278) FAILURE DONE 1 test completed, 1 failed FAILURE: Build failed with an exception. FRONTEND.md README.md SETUP.md build build.gradle config_template.json credits.md extract_coverage.sh gradle gradlew gradlew.bat images setup src What went wrong: Execution failed for task ':test'. > There were failing tests. See the report at: file:///T13A_ECLAIR/build/reports/tests/test/index.html FRONTEND.md README.md SETUP.md build build.gradle config_template.json credits.md extract_coverage.sh gradle gradlew gradlew.bat images setup src Try: > Run with --stacktrace option to get the stack trace. > Run with --info or --debug option to get more log output. > Run with --scan to get full insights. FRONTEND.md README.md SETUP.md build build.gradle config_template.json credits.md extract_coverage.sh gradle gradlew gradlew.bat images setup src Get more help at https://help.gradle.org BUILD FAILED in 3s

Test 11-13: Test basic health calculations mercenary - player wins
SUCCESS DONE

Test 11-14: Test basic health calculations spider - player loses
SUCCESS DONE

Test 11-15: Test basic health calculations zombie - player loses
BattleTest > Test basic health calculations zombie - player loses FAILED java.lang.IndexOutOfBoundsException: Index 0 out of bounds for length 0 at java.base/jdk.internal.util.Preconditions.outOfBounds(Preconditions.java:64) at java.base/jdk.internal.util.Preconditions.outOfBoundsCheckIndex(Preconditions.java:70) at java.base/jdk.internal.util.Preconditions.checkIndex(Preconditions.java:248) at java.base/java.util.Objects.checkIndex(Objects.java:372) at java.base/java.util.ArrayList.get(ArrayList.java:459) at dungeonmania.automarking.BattleTest.testHealthBelowZeroZombie(BattleTest.java:309) FAILURE DONE 1 test completed, 1 failed FAILURE: Build failed with an exception. FRONTEND.md README.md SETUP.md build build.gradle config_template.json credits.md extract_coverage.sh gradle gradlew gradlew.bat images setup src What went wrong: Execution failed for task ':test'. > There were failing tests. See the report at: file:///T13A_ECLAIR/build/reports/tests/test/index.html FRONTEND.md README.md SETUP.md build build.gradle config_template.json credits.md extract_coverage.sh gradle gradlew gradlew.bat images setup src Try: > Run with --stacktrace option to get the stack trace. > Run with --info or --debug option to get more log output. > Run with --scan to get full insights. FRONTEND.md README.md SETUP.md build build.gradle config_template.json credits.md extract_coverage.sh gradle gradlew gradlew.bat images setup src Get more help at https://help.gradle.org BUILD FAILED in 2s

Test 11-16: Test basic health calculations mercenary - player loses
SUCCESS DONE

Test: Hidden Test
FAILED java.lang.IndexOutOfBoundsException: Index 0 out of bounds for length 0 at java.base/jdk.internal.util.Preconditions.outOfBounds(Preconditions.java:64) at java.base/jdk.internal.util.Preconditions.outOfBoundsCheckIndex(Preconditions.java:70) at java.base/jdk.internal.util.Preconditions.checkIndex(Preconditions.java:248) at java.base/java.util.Objects.checkIndex(Objects.java:372) at java.base/java.util.ArrayList.get(ArrayList.java:459) at dungeonmania.automarking.BattleTest.testBowAttackTwiceSpider(BattleTest.java:343) FAILURE DONE 1 test completed, 1 failed FAILURE: Build failed with an exception. FRONTEND.md README.md SETUP.md build build.gradle config_template.json credits.md extract_coverage.sh gradle gradlew gradlew.bat images setup src What went wrong: Execution failed for task ':test'. > There were failing tests. See the report at: file:///T13A_ECLAIR/build/reports/tests/test/index.html FRONTEND.md README.md SETUP.md build build.gradle config_template.json credits.md extract_coverage.sh gradle gradlew gradlew.bat images setup src Try: > Run with --stacktrace option to get the stack trace. > Run with --info or --debug option to get more log output. > Run with --scan to get full insights. FRONTEND.md README.md SETUP.md build build.gradle config_template.json credits.md extract_coverage.sh gradle gradlew gradlew.bat images setup src Get more help at https://help.gradle.org BUILD FAILED in 2s

Test: Hidden Test
SUCCESS DONE

Test 11-19: Test bow durability
FAILED due to timeout...

Test 11-20: Test shield durability
FAILED due to timeout...

Test: Hidden Test
SUCCESS DONE

Test 11-22: Test sword durability
FAILED due to timeout...

12. Mercenaries

Test 12-1: Test mercenary in line with Player moves towards them
SUCCESS DONE

Test 12-2: Test mercenary stops if they cannot move any closer to the player
MercenaryTest > Test mercenary stops if they cannot move any closer to the player FAILED java.lang.NullPointerException at dungeonmania.behaviours.movement.MoveTowardsPlayer.move(MoveTowardsPlayer.java:54) at dungeonmania.entities.actor.nonplayableactor.NonPlayableActor.doMove(NonPlayableActor.java:32) at dungeonmania.entities.actor.nonplayableactor.Mercenary.update(Mercenary.java:58) at dungeonmania.entities.actor.player.states.NormalState.lambda$notifyNonPlayableActors$0(NormalState.java:49) at java.base/java.util.ArrayList$ArrayListSpliterator.forEachRemaining(ArrayList.java:1655) at java.base/java.util.stream.ReferencePipeline$Head.forEach(ReferencePipeline.java:658) at dungeonmania.entities.actor.player.states.NormalState.notifyNonPlayableActors(NormalState.java:49) at dungeonmania.entities.actor.player.Player.notifyAllObservers(Player.java:117) at dungeonmania.DungeonManiaController.tick(DungeonManiaController.java:112) at dungeonmania.automarking.MercenaryTest.stopMovement(MercenaryTest.java:46) FAILURE DONE 1 test completed, 1 failed FAILURE: Build failed with an exception. FRONTEND.md README.md SETUP.md build build.gradle config_template.json credits.md extract_coverage.sh gradle gradlew gradlew.bat images setup src What went wrong: Execution failed for task ':test'. > There were failing tests. See the report at: file:///T13A_ECLAIR/build/reports/tests/test/index.html FRONTEND.md README.md SETUP.md build build.gradle config_template.json credits.md extract_coverage.sh gradle gradlew gradlew.bat images setup src Try: > Run with --stacktrace option to get the stack trace. > Run with --info or --debug option to get more log output. > Run with --scan to get full insights. FRONTEND.md README.md SETUP.md build build.gradle config_template.json credits.md extract_coverage.sh gradle gradlew gradlew.bat images setup src Get more help at https://help.gradle.org BUILD FAILED in 2s

Test: Hidden Test
FAILED java.lang.NullPointerException at dungeonmania.behaviours.movement.MoveTowardsPlayer.move(MoveTowardsPlayer.java:54) at dungeonmania.entities.actor.nonplayableactor.NonPlayableActor.doMove(NonPlayableActor.java:32) at dungeonmania.entities.actor.nonplayableactor.Mercenary.update(Mercenary.java:58) at dungeonmania.entities.actor.player.states.NormalState.lambda$notifyNonPlayableActors$0(NormalState.java:49) at java.base/java.util.ArrayList$ArrayListSpliterator.forEachRemaining(ArrayList.java:1655) at java.base/java.util.stream.ReferencePipeline$Head.forEach(ReferencePipeline.java:658) at dungeonmania.entities.actor.player.states.NormalState.notifyNonPlayableActors(NormalState.java:49) at dungeonmania.entities.actor.player.Player.notifyAllObservers(Player.java:117) at dungeonmania.DungeonManiaController.tick(DungeonManiaController.java:112) at dungeonmania.automarking.MercenaryTest.doorMovement(MercenaryTest.java:61) FAILURE DONE 1 test completed, 1 failed FAILURE: Build failed with an exception. FRONTEND.md README.md SETUP.md build build.gradle config_template.json credits.md extract_coverage.sh gradle gradlew gradlew.bat images setup src What went wrong: Execution failed for task ':test'. > There were failing tests. See the report at: file:///T13A_ECLAIR/build/reports/tests/test/index.html FRONTEND.md README.md SETUP.md build build.gradle config_template.json credits.md extract_coverage.sh gradle gradlew gradlew.bat images setup src Try: > Run with --stacktrace option to get the stack trace. > Run with --info or --debug option to get more log output. > Run with --scan to get full insights. FRONTEND.md README.md SETUP.md build build.gradle config_template.json credits.md extract_coverage.sh gradle gradlew gradlew.bat images setup src Get more help at https://help.gradle.org BUILD FAILED in 2s

Test 12-4: Test mercenary moves around a wall to get to the player
SUCCESS DONE

Test 12-5: Testing a mercenary can be bribed with a certain amount
SUCCESS DONE

Test: Hidden Test
SUCCESS DONE

Test: Hidden Test
SUCCESS DONE

Test 12-8: Testing an allied mercenary follows the Player around occupying the square the player was previously in
SUCCESS DONE

13. Basic Goals

Test 13-1: Test achieving a basic exit goal
SUCCESS DONE

Test 13-2: Test achieving a basic enemy goal
SUCCESS DONE

Test: Hidden Test
FAILED org.opentest4j.AssertionFailedError: expected: <true> but was: <false> at app//org.junit.jupiter.api.AssertionUtils.fail(AssertionUtils.java:55) at app//org.junit.jupiter.api.AssertTrue.assertTrue(AssertTrue.java:40) at app//org.junit.jupiter.api.AssertTrue.assertTrue(AssertTrue.java:35) at app//org.junit.jupiter.api.Assertions.assertTrue(Assertions.java:179) at app//dungeonmania.automarking.BasicGoalsTest.spawner(BasicGoalsTest.java:77) FAILURE DONE 1 test completed, 1 failed FAILURE: Build failed with an exception. FRONTEND.md README.md SETUP.md build build.gradle config_template.json credits.md extract_coverage.sh gradle gradlew gradlew.bat images setup src What went wrong: Execution failed for task ':test'. > There were failing tests. See the report at: file:///T13A_ECLAIR/build/reports/tests/test/index.html FRONTEND.md README.md SETUP.md build build.gradle config_template.json credits.md extract_coverage.sh gradle gradlew gradlew.bat images setup src Try: > Run with --stacktrace option to get the stack trace. > Run with --info or --debug option to get more log output. > Run with --scan to get full insights. FRONTEND.md README.md SETUP.md build build.gradle config_template.json credits.md extract_coverage.sh gradle gradlew gradlew.bat images setup src Get more help at https://help.gradle.org BUILD FAILED in 2s

Test 13-4: Test achieving a basic boulders goal
SUCCESS DONE

Test 13-6: Test achieving a basic treasure goal
SUCCESS DONE

14. Complex Goals

Test 14-1: Testing a map with 4 conjunction goal
SUCCESS DONE

Test 14-2: Testing a map with 4 disjunction goal
ComplexGoalsTest > Testing a map with 4 disjunction goal FAILED org.opentest4j.AssertionFailedError: expected: <true> but was: <false> at app//org.junit.jupiter.api.AssertionUtils.fail(AssertionUtils.java:55) at app//org.junit.jupiter.api.AssertTrue.assertTrue(AssertTrue.java:40) at app//org.junit.jupiter.api.AssertTrue.assertTrue(AssertTrue.java:35) at app//org.junit.jupiter.api.Assertions.assertTrue(Assertions.java:179) at app//dungeonmania.automarking.ComplexGoalsTest.orAll(ComplexGoalsTest.java:61) FAILURE DONE 1 test completed, 1 failed FAILURE: Build failed with an exception. FRONTEND.md README.md SETUP.md build build.gradle config_template.json credits.md extract_coverage.sh gradle gradlew gradlew.bat images setup src What went wrong: Execution failed for task ':test'. > There were failing tests. See the report at: file:///T13A_ECLAIR/build/reports/tests/test/index.html FRONTEND.md README.md SETUP.md build build.gradle config_template.json credits.md extract_coverage.sh gradle gradlew gradlew.bat images setup src Try: > Run with --stacktrace option to get the stack trace. > Run with --info or --debug option to get more log output. > Run with --scan to get full insights. FRONTEND.md README.md SETUP.md build build.gradle config_template.json credits.md extract_coverage.sh gradle gradlew gradlew.bat images setup src Get more help at https://help.gradle.org BUILD FAILED in 11s

Test 14-3: Testing a map with mixed conjunction/disjunction goal
ComplexGoalsTest > Testing a map with mixed conjunction/disjunction goal FAILED org.opentest4j.AssertionFailedError: expected: <true> but was: <false> at app//org.junit.jupiter.api.AssertionUtils.fail(AssertionUtils.java:55) at app//org.junit.jupiter.api.AssertTrue.assertTrue(AssertTrue.java:40) at app//org.junit.jupiter.api.AssertTrue.assertTrue(AssertTrue.java:35) at app//org.junit.jupiter.api.Assertions.assertTrue(Assertions.java:179) at app//dungeonmania.automarking.ComplexGoalsTest.orAndAll(ComplexGoalsTest.java:84) FAILURE DONE 1 test completed, 1 failed FAILURE: Build failed with an exception. FRONTEND.md README.md SETUP.md build build.gradle config_template.json credits.md extract_coverage.sh gradle gradlew gradlew.bat images setup src What went wrong: Execution failed for task ':test'. > There were failing tests. See the report at: file:///T13A_ECLAIR/build/reports/tests/test/index.html FRONTEND.md README.md SETUP.md build build.gradle config_template.json credits.md extract_coverage.sh gradle gradlew gradlew.bat images setup src Try: > Run with --stacktrace option to get the stack trace. > Run with --info or --debug option to get more log output. > Run with --scan to get full insights. FRONTEND.md README.md SETUP.md build build.gradle config_template.json credits.md extract_coverage.sh gradle gradlew gradlew.bat images setup src Get more help at https://help.gradle.org BUILD FAILED in 2s

15. Hidden Test Cases

Test: Hidden Test
SUCCESS DONE

Test: Hidden Test
SUCCESS DONE

Test: Hidden Test
SUCCESS DONE

Test: Hidden Test
SUCCESS DONE

Test: Hidden Test
SUCCESS DONE

Test: Hidden Test
FAILED org.opentest4j.AssertionFailedError: expected: <> but was: <:boulders> at app//org.junit.jupiter.api.AssertionUtils.fail(AssertionUtils.java:55) at app//org.junit.jupiter.api.AssertionUtils.failNotEqual(AssertionUtils.java:62) at app//org.junit.jupiter.api.AssertEquals.assertEquals(AssertEquals.java:182) at app//org.junit.jupiter.api.AssertEquals.assertEquals(AssertEquals.java:177) at app//org.junit.jupiter.api.Assertions.assertEquals(Assertions.java:1141) at app//dungeonmania.automarking.BasicGoalsTest.fiveSwitches(BasicGoalsTest.java:143) FAILURE DONE 1 test completed, 1 failed FAILURE: Build failed with an exception. FRONTEND.md README.md SETUP.md build build.gradle config_template.json credits.md extract_coverage.sh gradle gradlew gradlew.bat images setup src What went wrong: Execution failed for task ':test'. > There were failing tests. See the report at: file:///T13A_ECLAIR/build/reports/tests/test/index.html FRONTEND.md README.md SETUP.md build build.gradle config_template.json credits.md extract_coverage.sh gradle gradlew gradlew.bat images setup src Try: > Run with --stacktrace option to get the stack trace. > Run with --info or --debug option to get more log output. > Run with --scan to get full insights. FRONTEND.md README.md SETUP.md build build.gradle config_template.json credits.md extract_coverage.sh gradle gradlew gradlew.bat images setup src Get more help at https://help.gradle.org BUILD FAILED in 2s

Test: Hidden Test
SUCCESS DONE

Test: Hidden Test
SUCCESS DONE

Test: Hidden Test
FAILED org.opentest4j.AssertionFailedError: expected: <true> but was: <false> at app//org.junit.jupiter.api.AssertionUtils.fail(AssertionUtils.java:55) at app//org.junit.jupiter.api.AssertTrue.assertTrue(AssertTrue.java:40) at app//org.junit.jupiter.api.AssertTrue.assertTrue(AssertTrue.java:35) at app//org.junit.jupiter.api.Assertions.assertTrue(Assertions.java:179) at app//dungeonmania.automarking.ComplexGoalsTest.switchUnachieved(ComplexGoalsTest.java:194) FAILURE DONE 1 test completed, 1 failed FAILURE: Build failed with an exception. FRONTEND.md README.md SETUP.md build build.gradle config_template.json credits.md extract_coverage.sh gradle gradlew gradlew.bat images setup src What went wrong: Execution failed for task ':test'. > There were failing tests. See the report at: file:///T13A_ECLAIR/build/reports/tests/test/index.html FRONTEND.md README.md SETUP.md build build.gradle config_template.json credits.md extract_coverage.sh gradle gradlew gradlew.bat images setup src Try: > Run with --stacktrace option to get the stack trace. > Run with --info or --debug option to get more log output. > Run with --scan to get full insights. FRONTEND.md README.md SETUP.md build build.gradle config_template.json credits.md extract_coverage.sh gradle gradlew gradlew.bat images setup src Get more help at https://help.gradle.org BUILD FAILED in 2s

